<?xml version="1.0" encoding="UTF-8"?>
<testsuite xmlns:xsi="http://www.w3.org/2001/XMLSchema-instance" xsi:schemaLocation="https://maven.apache.org/surefire/maven-surefire-plugin/xsd/surefire-test-report.xsd" name="TestSuite" time="6.267" tests="60" errors="0" skipped="0" failures="0">
  <properties>
[...]
</properties>
  <testcase name="shouldConvert" classname="com.nagasumali.stocks.controller.converter.StockConverterTest" time="0.29"/>
  <testcase name="shouldConvert" classname="com.nagasumali.stocks.controller.converter.StockDtoConverterTest" time="0.007"/>
  <testcase name="shouldFailWhenTypeIsInvalid" classname="com.nagasumali.stocks.controller.converter.StockDtoConverterTest" time="0.002"/>
  <testcase name="shouldConvert" classname="com.nagasumali.stocks.controller.converter.TradeDtoConverterTest" time="0.191"/>
  <testcase name="shouldThrowExceptionWhenConversionFails" classname="com.nagasumali.stocks.controller.converter.TradeDtoConverterTest" time="0"/>
  <testcase name="shouldGetDividend" classname="com.nagasumali.stocks.controller.StockControllerTest" time="0.134"/>
  <testcase name="shouldGetGBCEAllSharesIndex" classname="com.nagasumali.stocks.controller.StockControllerTest" time="0.008"/>
  <testcase name="shouldGetPERatio" classname="com.nagasumali.stocks.controller.StockControllerTest" time="0.004"/>
  <testcase name="shouldGetStock" classname="com.nagasumali.stocks.controller.StockControllerTest" time="0.005"/>
  <testcase name="shouldGetStockPrice" classname="com.nagasumali.stocks.controller.StockControllerTest" time="0.003"/>
  <testcase name="shouldPostStock" classname="com.nagasumali.stocks.controller.StockControllerTest" time="0.073"/>
  <testcase name="shouldReturnBadRequestResponseWhenMandatoryFieldsNotPresent" classname="com.nagasumali.stocks.controller.StockControllerTest" time="0.036"/>
  <testcase name="shouldThrowExceptionWhenGettingAllSharesIndexAndServiceThrowsException" classname="com.nagasumali.stocks.controller.StockControllerTest" time="0.004"/>
  <testcase name="shouldThrowExceptionWhenGettingDividendAndServiceThrowsException" classname="com.nagasumali.stocks.controller.StockControllerTest" time="0.002"/>
  <testcase name="shouldThrowExceptionWhenGettingPERatioAndServiceThrowsException" classname="com.nagasumali.stocks.controller.StockControllerTest" time="0.002"/>
  <testcase name="shouldThrowExceptionWhenGettingStockAndConverterServiceThrowsException" classname="com.nagasumali.stocks.controller.StockControllerTest" time="0.004"/>
  <testcase name="shouldThrowExceptionWhenGettingStockAndServiceThrowsException" classname="com.nagasumali.stocks.controller.StockControllerTest" time="0.002"/>
  <testcase name="shouldThrowExceptionWhenGettingStockPriceAndServiceThrowsException" classname="com.nagasumali.stocks.controller.StockControllerTest" time="0.002"/>
  <testcase name="shouldThrowExceptionWhenPostingStockAndConverterThrowsException" classname="com.nagasumali.stocks.controller.StockControllerTest" time="0.002"/>
  <testcase name="shouldThrowExceptionWhenPostingStockAndServiceThrowsException" classname="com.nagasumali.stocks.controller.StockControllerTest" time="0.004"/>
  <testcase name="shouldPostTrade" classname="com.nagasumali.stocks.controller.TradeControllerTest" time="0.296"/>
  <testcase name="shouldReturnBadRequestResponseWhenMandatoryFieldsNotPresent" classname="com.nagasumali.stocks.controller.TradeControllerTest" time="0.003"/>
  <testcase name="shouldCalculateCommonDividendYield" classname="com.nagasumali.stocks.domain.StockTest" time="0"/>
  <testcase name="shouldCalculatePERatio" classname="com.nagasumali.stocks.domain.StockTest" time="0.159"/>
  <testcase name="shouldCalculatePreferredDividendYield" classname="com.nagasumali.stocks.domain.StockTest" time="0.001"/>
  <testcase name="shouldFailWithEmptySymbol" classname="com.nagasumali.stocks.domain.StockTest" time="0"/>
  <testcase name="shouldFailWithFixedDividendGreaterThanUnit" classname="com.nagasumali.stocks.domain.StockTest" time="0"/>
  <testcase name="shouldFailWithNegativeFixedDividend" classname="com.nagasumali.stocks.domain.StockTest" time="0.011"/>
  <testcase name="shouldFailWithNegativeLastDividend" classname="com.nagasumali.stocks.domain.StockTest" time="0"/>
  <testcase name="shouldFailWithNegativeParValue" classname="com.nagasumali.stocks.domain.StockTest" time="0"/>
  <testcase name="shouldFailWithNegativeTickerPrice" classname="com.nagasumali.stocks.domain.StockTest" time="0"/>
  <testcase name="shouldFailWithNullSymbol" classname="com.nagasumali.stocks.domain.StockTest" time="0"/>
  <testcase name="shouldFailWithNullType" classname="com.nagasumali.stocks.domain.StockTest" time="0"/>
  <testcase name="shouldGetState" classname="com.nagasumali.stocks.domain.StockTest" time="0"/>
  <testcase name="shouldGetState" classname="com.nagasumali.stocks.domain.TradeTest" time="0.001"/>
  <testcase name="shouldDeleteFromRepository" classname="com.nagasumali.stocks.repository.LocalStockRepositoryTest" time="0.012"/>
  <testcase name="shouldFindAllInRepositoryFromSpec" classname="com.nagasumali.stocks.repository.LocalStockRepositoryTest" time="0.119"/>
  <testcase name="shouldFindOneInRepositoryFromSpec" classname="com.nagasumali.stocks.repository.LocalStockRepositoryTest" time="0.01"/>
  <testcase name="shouldSaveDataToRepository" classname="com.nagasumali.stocks.repository.LocalStockRepositoryTest" time="0"/>
  <testcase name="shouldDeleteFromRepository" classname="com.nagasumali.stocks.repository.LocalTradeRepositoryTest" time="0"/>
  <testcase name="shouldFindAllInRepositoryFromSpec" classname="com.nagasumali.stocks.repository.LocalTradeRepositoryTest" time="0.003"/>
  <testcase name="shouldFindOneInRepositoryFromSpec" classname="com.nagasumali.stocks.repository.LocalTradeRepositoryTest" time="0.003"/>
  <testcase name="shouldSaveDataToRepository" classname="com.nagasumali.stocks.repository.LocalTradeRepositoryTest" time="0"/>
  <testcase name="shouldCalculateDividend" classname="com.nagasumali.stocks.service.StockServiceImplTest" time="0.013"/>
  <testcase name="shouldCalculateGBCEAllSharesIndex" classname="com.nagasumali.stocks.service.StockServiceImplTest" time="0.654"/>
  <testcase name="shouldCalculatePERatio" classname="com.nagasumali.stocks.service.StockServiceImplTest" time="0.002"/>
  <testcase name="shouldCalculateStockPrice" classname="com.nagasumali.stocks.service.StockServiceImplTest" time="0.002"/>
  <testcase name="shouldCalculateStockPriceFromPastMinutes" classname="com.nagasumali.stocks.service.StockServiceImplTest" time="0.04"/>
  <testcase name="shouldRecordStock" classname="com.nagasumali.stocks.service.StockServiceImplTest" time="0.002"/>
  <testcase name="shouldThrowExceptionWhenCalculatingDividendAndStockDoesNotExist" classname="com.nagasumali.stocks.service.StockServiceImplTest" time="0.001"/>
  <testcase name="shouldThrowExceptionWhenCalculatingGBCEAsiAndCannotComputePrice" classname="com.nagasumali.stocks.service.StockServiceImplTest" time="0.003"/>
  <testcase name="shouldThrowExceptionWhenCalculatingGBCEAsiAndNoStocksFound" classname="com.nagasumali.stocks.service.StockServiceImplTest" time="0.002"/>
  <testcase name="shouldThrowExceptionWhenCalculatingPERatioAndStockDoesNotExist" classname="com.nagasumali.stocks.service.StockServiceImplTest" time="0.002"/>
  <testcase name="shouldThrowExceptionWhenCalculatingStockPriceAndNoTradesFound" classname="com.nagasumali.stocks.service.StockServiceImplTest" time="0.002"/>
  <testcase name="shouldThrowExceptionWhenCalculatingStockPriceAndQuantitySumIsZero" classname="com.nagasumali.stocks.service.StockServiceImplTest" time="0.001"/>
  <testcase name="shouldRecordStock" classname="com.nagasumali.stocks.service.TradeServiceImplTest" time="0"/>
  <testcase name="shouldValidateSymbol" classname="com.nagasumali.stocks.spec.StockSpecificationTest" time="0.001"/>
  <testcase name="shouldReturnTrueIfDateIntervalIsZero" classname="com.nagasumali.stocks.spec.TradeSpecificationTest" time="0.003"/>
  <testcase name="shouldValidateDateInterval" classname="com.nagasumali.stocks.spec.TradeSpecificationTest" time="0"/>
  <testcase name="shouldValidateStockSymbol" classname="com.nagasumali.stocks.spec.TradeSpecificationTest" time="0.002"/>
</testsuite>