<?xml version="1.0" encoding="UTF-8"?>
<!-- Generated by org.testng.reporters.JUnitXMLReporter -->
<testsuite hostname="DESKTOP-0N3P8U3" name="Surefire test" tests="60" failures="0" timestamp="24 Mar 2023 20:25:40 GMT" time="3.575" errors="0">
  <testcase name="shouldConvert" time="0.289" classname="com.nagasumali.stocks.controller.converter.StockConverterTest"/>
  <testcase name="shouldConvert" time="0.008" classname="com.nagasumali.stocks.controller.converter.StockDtoConverterTest"/>
  <testcase name="shouldFailWhenTypeIsInvalid" time="0.001" classname="com.nagasumali.stocks.controller.converter.StockDtoConverterTest"/>
  <testcase name="shouldConvert" time="0.191" classname="com.nagasumali.stocks.controller.converter.TradeDtoConverterTest"/>
  <testcase name="shouldThrowExceptionWhenConversionFails" time="0.001" classname="com.nagasumali.stocks.controller.converter.TradeDtoConverterTest"/>
  <testcase name="shouldGetDividend" time="0.134" classname="com.nagasumali.stocks.controller.StockControllerTest"/>
  <testcase name="shouldGetGBCEAllSharesIndex" time="0.007" classname="com.nagasumali.stocks.controller.StockControllerTest"/>
  <testcase name="shouldGetPERatio" time="0.004" classname="com.nagasumali.stocks.controller.StockControllerTest"/>
  <testcase name="shouldGetStock" time="0.004" classname="com.nagasumali.stocks.controller.StockControllerTest"/>
  <testcase name="shouldGetStockPrice" time="0.004" classname="com.nagasumali.stocks.controller.StockControllerTest"/>
  <testcase name="shouldPostStock" time="0.073" classname="com.nagasumali.stocks.controller.StockControllerTest"/>
  <testcase name="shouldReturnBadRequestResponseWhenMandatoryFieldsNotPresent" time="0.036" classname="com.nagasumali.stocks.controller.StockControllerTest"/>
  <testcase name="shouldThrowExceptionWhenGettingAllSharesIndexAndServiceThrowsException" time="0.004" classname="com.nagasumali.stocks.controller.StockControllerTest"/>
  <testcase name="shouldThrowExceptionWhenGettingDividendAndServiceThrowsException" time="0.001" classname="com.nagasumali.stocks.controller.StockControllerTest"/>
  <testcase name="shouldThrowExceptionWhenGettingPERatioAndServiceThrowsException" time="0.003" classname="com.nagasumali.stocks.controller.StockControllerTest"/>
  <testcase name="shouldThrowExceptionWhenGettingStockAndConverterServiceThrowsException" time="0.004" classname="com.nagasumali.stocks.controller.StockControllerTest"/>
  <testcase name="shouldThrowExceptionWhenGettingStockAndServiceThrowsException" time="0.002" classname="com.nagasumali.stocks.controller.StockControllerTest"/>
  <testcase name="shouldThrowExceptionWhenGettingStockPriceAndServiceThrowsException" time="0.002" classname="com.nagasumali.stocks.controller.StockControllerTest"/>
  <testcase name="shouldThrowExceptionWhenPostingStockAndConverterThrowsException" time="0.002" classname="com.nagasumali.stocks.controller.StockControllerTest"/>
  <testcase name="shouldThrowExceptionWhenPostingStockAndServiceThrowsException" time="0.004" classname="com.nagasumali.stocks.controller.StockControllerTest"/>
  <testcase name="shouldPostTrade" time="0.29" classname="com.nagasumali.stocks.controller.TradeControllerTest"/>
  <testcase name="shouldReturnBadRequestResponseWhenMandatoryFieldsNotPresent" time="0.003" classname="com.nagasumali.stocks.controller.TradeControllerTest"/>
  <testcase name="shouldCalculateCommonDividendYield" time="0.0" classname="com.nagasumali.stocks.domain.StockTest"/>
  <testcase name="shouldCalculatePERatio" time="0.165" classname="com.nagasumali.stocks.domain.StockTest"/>
  <testcase name="shouldCalculatePreferredDividendYield" time="0.0" classname="com.nagasumali.stocks.domain.StockTest"/>
  <testcase name="shouldFailWithEmptySymbol" time="0.0" classname="com.nagasumali.stocks.domain.StockTest"/>
  <testcase name="shouldFailWithFixedDividendGreaterThanUnit" time="0.001" classname="com.nagasumali.stocks.domain.StockTest"/>
  <testcase name="shouldFailWithNegativeFixedDividend" time="0.01" classname="com.nagasumali.stocks.domain.StockTest"/>
  <testcase name="shouldFailWithNegativeLastDividend" time="0.001" classname="com.nagasumali.stocks.domain.StockTest"/>
  <testcase name="shouldFailWithNegativeParValue" time="0.0" classname="com.nagasumali.stocks.domain.StockTest"/>
  <testcase name="shouldFailWithNegativeTickerPrice" time="0.001" classname="com.nagasumali.stocks.domain.StockTest"/>
  <testcase name="shouldFailWithNullSymbol" time="0.001" classname="com.nagasumali.stocks.domain.StockTest"/>
  <testcase name="shouldFailWithNullType" time="0.001" classname="com.nagasumali.stocks.domain.StockTest"/>
  <testcase name="shouldGetState" time="0.001" classname="com.nagasumali.stocks.domain.StockTest"/>
  <testcase name="shouldGetState" time="0.002" classname="com.nagasumali.stocks.domain.TradeTest"/>
  <testcase name="shouldDeleteFromRepository" time="0.005" classname="com.nagasumali.stocks.repository.LocalStockRepositoryTest"/>
  <testcase name="shouldFindAllInRepositoryFromSpec" time="0.123" classname="com.nagasumali.stocks.repository.LocalStockRepositoryTest"/>
  <testcase name="shouldFindOneInRepositoryFromSpec" time="0.011" classname="com.nagasumali.stocks.repository.LocalStockRepositoryTest"/>
  <testcase name="shouldSaveDataToRepository" time="0.0" classname="com.nagasumali.stocks.repository.LocalStockRepositoryTest"/>
  <testcase name="shouldDeleteFromRepository" time="0.001" classname="com.nagasumali.stocks.repository.LocalTradeRepositoryTest"/>
  <testcase name="shouldFindAllInRepositoryFromSpec" time="0.004" classname="com.nagasumali.stocks.repository.LocalTradeRepositoryTest"/>
  <testcase name="shouldFindOneInRepositoryFromSpec" time="0.005" classname="com.nagasumali.stocks.repository.LocalTradeRepositoryTest"/>
  <testcase name="shouldSaveDataToRepository" time="0.001" classname="com.nagasumali.stocks.repository.LocalTradeRepositoryTest"/>
  <testcase name="shouldCalculateDividend" time="0.014" classname="com.nagasumali.stocks.service.StockServiceImplTest"/>
  <testcase name="shouldCalculateGBCEAllSharesIndex" time="0.654" classname="com.nagasumali.stocks.service.StockServiceImplTest"/>
  <testcase name="shouldCalculatePERatio" time="0.001" classname="com.nagasumali.stocks.service.StockServiceImplTest"/>
  <testcase name="shouldCalculateStockPrice" time="0.003" classname="com.nagasumali.stocks.service.StockServiceImplTest"/>
  <testcase name="shouldCalculateStockPriceFromPastMinutes" time="0.038" classname="com.nagasumali.stocks.service.StockServiceImplTest"/>
  <testcase name="shouldRecordStock" time="0.004" classname="com.nagasumali.stocks.service.StockServiceImplTest"/>
  <testcase name="shouldThrowExceptionWhenCalculatingDividendAndStockDoesNotExist" time="0.003" classname="com.nagasumali.stocks.service.StockServiceImplTest"/>
  <testcase name="shouldThrowExceptionWhenCalculatingGBCEAsiAndCannotComputePrice" time="0.003" classname="com.nagasumali.stocks.service.StockServiceImplTest"/>
  <testcase name="shouldThrowExceptionWhenCalculatingGBCEAsiAndNoStocksFound" time="0.002" classname="com.nagasumali.stocks.service.StockServiceImplTest"/>
  <testcase name="shouldThrowExceptionWhenCalculatingPERatioAndStockDoesNotExist" time="0.001" classname="com.nagasumali.stocks.service.StockServiceImplTest"/>
  <testcase name="shouldThrowExceptionWhenCalculatingStockPriceAndNoTradesFound" time="0.003" classname="com.nagasumali.stocks.service.StockServiceImplTest"/>
  <testcase name="shouldThrowExceptionWhenCalculatingStockPriceAndQuantitySumIsZero" time="0.002" classname="com.nagasumali.stocks.service.StockServiceImplTest"/>
  <testcase name="shouldRecordStock" time="0.001" classname="com.nagasumali.stocks.service.TradeServiceImplTest"/>
  <testcase name="shouldValidateSymbol" time="0.0" classname="com.nagasumali.stocks.spec.StockSpecificationTest"/>
  <testcase name="shouldReturnTrueIfDateIntervalIsZero" time="0.0" classname="com.nagasumali.stocks.spec.TradeSpecificationTest"/>
  <testcase name="shouldValidateDateInterval" time="0.0" classname="com.nagasumali.stocks.spec.TradeSpecificationTest"/>
  <testcase name="shouldValidateStockSymbol" time="0.001" classname="com.nagasumali.stocks.spec.TradeSpecificationTest"/>
</testsuite> <!-- Surefire test -->
